<?xml version="1.0" encoding="UTF-8"?>
<!-- Generated by org.testng.reporters.JUnitReportReporter -->
<testsuite hostname="Shihab" name="test.LoginTest" tests="1" failures="0" timestamp="16 Jul 2023 18:13:35 GMT" time="5.030" errors="0">
  <testcase name="validUserShouldBeAbleToLogin" time="5.030" classname="test.LoginTest"/>
</testsuite> <!-- test.LoginTest -->
