<?xml version="1.0" encoding="UTF-8"?>
<!-- Generated by org.testng.reporters.JUnitReportReporter -->
<testsuite hostname="Shihab" name="test.ListCustomerTest" tests="1" failures="0" timestamp="16 Jul 2023 18:13:35 GMT" time="20.762" errors="0">
  <testcase name="userShouldBeAbleToAddCustomerFromListCustmer" time="20.762" classname="test.ListCustomerTest"/>
</testsuite> <!-- test.ListCustomerTest -->
