<?xml version="1.0" encoding="UTF-8"?>
<!-- Generated by org.testng.reporters.JUnitReportReporter -->
<testsuite hostname="Shihab" name="test.AddCustomerTest" tests="1" failures="0" timestamp="16 Jul 2023 18:13:35 GMT" time="11.809" errors="0">
  <testcase name="userShouldBeAbleToAddCustomer" time="11.809" classname="test.AddCustomerTest"/>
</testsuite> <!-- test.AddCustomerTest -->
